<?xml version="1.0" encoding="UTF-8"?>
<testng-results skipped="0" failed="0" ignored="0" total="1" passed="1">
  <reporter-output>
  </reporter-output>
  <suite name="Default suite" duration-ms="9472" started-at="2018-06-04T07:34:46Z" finished-at="2018-06-04T07:34:55Z">
    <groups>
    </groups>
    <test name="Default test" duration-ms="9472" started-at="2018-06-04T07:34:46Z" finished-at="2018-06-04T07:34:55Z">
      <class name="com.org.learningMaven.HelloWorldTest">
        <test-method status="PASS" signature="OpenUrl()[pri:0, instance:com.org.learningMaven.HelloWorldTest@7fd26ad8]" name="OpenUrl" duration-ms="9056" started-at="2018-06-04T07:34:46Z" finished-at="2018-06-04T07:34:55Z">
          <reporter-output>
          </reporter-output>
        </test-method> <!-- OpenUrl -->
      </class> <!-- com.org.learningMaven.HelloWorldTest -->
    </test> <!-- Default test -->
  </suite> <!-- Default suite -->
</testng-results>
