<?xml version="1.0" encoding="UTF-8"?>
<testng-results skipped="0" failed="0" ignored="0" total="2" passed="2">
  <reporter-output>
  </reporter-output>
  <suite name="com.org.learningMaven.HelloWorldTest" duration-ms="8408" started-at="2018-06-04T07:39:38Z" finished-at="2018-06-04T07:39:46Z">
    <groups>
    </groups>
    <test name="Command line test" duration-ms="8408" started-at="2018-06-04T07:39:38Z" finished-at="2018-06-04T07:39:46Z">
      <class name="com.org.learningMaven.HelloWorldTest">
        <test-method status="PASS" signature="OpenUrl()[pri:0, instance:com.org.learningMaven.HelloWorldTest@2f7a2457]" name="OpenUrl" duration-ms="8100" started-at="2018-06-04T07:39:38Z" finished-at="2018-06-04T07:39:46Z">
          <reporter-output>
          </reporter-output>
        </test-method> <!-- OpenUrl -->
        <test-method status="PASS" signature="loadSuggestions()[pri:0, instance:com.org.learningMaven.HelloWorldTest@2f7a2457]" name="loadSuggestions" duration-ms="268" started-at="2018-06-04T07:39:46Z" finished-at="2018-06-04T07:39:46Z">
          <reporter-output>
          </reporter-output>
        </test-method> <!-- loadSuggestions -->
      </class> <!-- com.org.learningMaven.HelloWorldTest -->
    </test> <!-- Command line test -->
  </suite> <!-- com.org.learningMaven.HelloWorldTest -->
</testng-results>
